Checking can.c ...
Checking can.c: START_TEST_ENABLE_VP37_CYCLIC...
Checking can.c: VP37...
1/18 files checked 7% done
Checking config.c ...
Checking config.c: VP37...
2/18 files checked 7% done
Checking dtcManager.c ...
Checking dtcManager.c: START_TEST_ENABLE_VP37_CYCLIC...
Checking dtcManager.c: VP37...
3/18 files checked 13% done
Checking engineFan.c ...
Checking engineFan.c: OBD_ENABLE_TOTDIST...
Checking engineFan.c: START_TEST_ENABLE_VP37_CYCLIC...
Checking engineFan.c: VP37...
4/18 files checked 14% done
Checking engineFuel.c ...
Checking engineFuel.c: DEBUG...
Checking engineFuel.c: JUST_RAW_FUEL_VAL...
Checking engineFuel.c: START_TEST_ENABLE_VP37_CYCLIC...
Checking engineFuel.c: VP37...
5/18 files checked 16% done
Checking engineHeater.c ...
Checking engineHeater.c: OBD_ENABLE_TOTDIST...
Checking engineHeater.c: START_TEST_ENABLE_VP37_CYCLIC...
Checking engineHeater.c: VP37...
6/18 files checked 17% done
Checking engineMaps.c ...
7/18 files checked 18% done
Checking glowPlugs.c ...
Checking glowPlugs.c: OBD_ENABLE_TOTDIST...
Checking glowPlugs.c: START_TEST_ENABLE_VP37_CYCLIC...
Checking glowPlugs.c: VP37...
8/18 files checked 20% done
Checking gps.c ...
Checking gps.c: START_TEST_ENABLE_VP37_CYCLIC...
Checking gps.c: VP37...
9/18 files checked 22% done
Checking heatedWindshield.c ...
Checking heatedWindshield.c: OBD_ENABLE_TOTDIST...
Checking heatedWindshield.c: START_TEST_ENABLE_VP37_CYCLIC...
Checking heatedWindshield.c: VP37...
10/18 files checked 24% done
Checking obd-2.c ...
Checking obd-2.c: FORDIAG_COMPAT_NO_UDS_DTC...
Checking obd-2.c: OBD_ENABLE_TOTDIST...
Checking obd-2.c: OBD_VERBOSE_IDENT_DEBUG...
Checking obd-2.c: OBD_VERBOSE_RX_DEBUG...
Checking obd-2.c: START_TEST_ENABLE_VP37_CYCLIC...
Checking obd-2.c: VP37...
11/18 files checked 67% done
Checking obd-2_mapping.c ...
Checking obd-2_mapping.c: OBD_ENABLE_TOTDIST...
Checking obd-2_mapping.c: START_TEST_ENABLE_VP37_CYCLIC...
Checking obd-2_mapping.c: VP37...
12/18 files checked 73% done
Checking rpm.c ...
Checking rpm.c: DEBUG...
Checking rpm.c: OBD_ENABLE_TOTDIST...
Checking rpm.c: START_TEST_ENABLE_VP37_CYCLIC...
Checking rpm.c: VP37...
13/18 files checked 76% done
Checking sensors.c ...
Checking sensors.c: START_TEST_ENABLE_VP37_CYCLIC...
Checking sensors.c: VP37...
14/18 files checked 84% done
Checking start.c ...
Checking start.c: HAL_TOOLS_EEPROM_LOGGER_ADDR...
Checking start.c: I2C_SCANNER...
Checking start.c: OBD_ENABLE_TOTDIST...
Checking start.c: RESET_EEPROM...
Checking start.c: START_TEST_ENABLE_VP37_CYCLIC...
Checking start.c: START_TEST_ENABLE_VP37_CYCLIC;VP37...
Checking start.c: SYSTEM_TEMP...
Checking start.c: VP37...
15/18 files checked 90% done
Checking tests.c ...
Checking tests.c: OBD_ENABLE_TOTDIST...
Checking tests.c: START_TEST_ENABLE_DTC_INJECTION...
Checking tests.c: START_TEST_ENABLE_VP37_CYCLIC...
Checking tests.c: VP37...
16/18 files checked 92% done
Checking turbo.c ...
Checking turbo.c: GTB2260VZK...
Checking turbo.c: JUST_TEST_BY_THROTTLE...
Checking turbo.c: START_TEST_ENABLE_VP37_CYCLIC...
Checking turbo.c: VP37...
17/18 files checked 95% done
Checking vp37.c ...
Checking vp37.c: OBD_ENABLE_TOTDIST...
Checking vp37.c: START_TEST_ENABLE_VP37_CYCLIC...
Checking vp37.c: VP37...
18/18 files checked 100% done
